 ⚠ Linting is disabled.
  ▲ Next.js 14.2.35
  - Environments: .env

   Creating an optimized production build ...
Failed to compile.

./node_modules/@ai-sdk/ui-utils/node_modules/zod-to-json-schema/dist/esm/parsers/array.js
Module not found: Package path ./v3 is not exported from package /home/clement/kaleidoland-os/node_modules/zod (see exports field in /home/clement/kaleidoland-os/node_modules/zod/package.json)

https://nextjs.org/docs/messages/module-not-found

Import trace for requested module:
./node_modules/@ai-sdk/ui-utils/node_modules/zod-to-json-schema/dist/esm/index.js
./node_modules/@ai-sdk/ui-utils/dist/index.mjs
./node_modules/@ai-sdk/react/dist/index.mjs
./node_modules/ai/react/dist/index.mjs
./src/components/OrbitalChat.tsx

./node_modules/@ai-sdk/ui-utils/node_modules/zod-to-json-schema/dist/esm/parsers/record.js
Module not found: Package path ./v3 is not exported from package /home/clement/kaleidoland-os/node_modules/zod (see exports field in /home/clement/kaleidoland-os/node_modules/zod/package.json)

https://nextjs.org/docs/messages/module-not-found

Import trace for requested module:
./node_modules/@ai-sdk/ui-utils/node_modules/zod-to-json-schema/dist/esm/index.js
./node_modules/@ai-sdk/ui-utils/dist/index.mjs
./node_modules/@ai-sdk/react/dist/index.mjs
./node_modules/ai/react/dist/index.mjs
./src/components/OrbitalChat.tsx

./node_modules/@ai-sdk/ui-utils/node_modules/zod-to-json-schema/dist/esm/selectParser.js
Module not found: Package path ./v3 is not exported from package /home/clement/kaleidoland-os/node_modules/zod (see exports field in /home/clement/kaleidoland-os/node_modules/zod/package.json)

https://nextjs.org/docs/messages/module-not-found

Import trace for requested module:
./node_modules/@ai-sdk/ui-utils/node_modules/zod-to-json-schema/dist/esm/index.js
./node_modules/@ai-sdk/ui-utils/dist/index.mjs
./node_modules/@ai-sdk/react/dist/index.mjs
./node_modules/ai/react/dist/index.mjs
./src/components/OrbitalChat.tsx


> Build failed because of webpack errors
